0 info it worked if it ends with ok
1 verbose cli [ '/home/ehc/.nvm/versions/node/v0.12.13/bin/node',
1 verbose cli   '/home/ehc/.nvm/versions/node/v0.12.13/bin/npm',
1 verbose cli   'publish' ]
2 info using npm@2.15.0
3 info using node@v0.12.13
4 verbose publish [ '.' ]
5 silly cache add args [ '.', null ]
6 verbose cache add spec .
7 silly cache add parsed spec { raw: '.',
7 silly cache add   scope: null,
7 silly cache add   name: null,
7 silly cache add   rawSpec: '.',
7 silly cache add   spec: '/home/ehc/Workspace/time-availability-js',
7 silly cache add   type: 'directory' }
8 verbose addLocalDirectory /home/ehc/.npm/time-availability-js/1.0.0/package.tgz not in flight; packing
9 verbose correctMkdir /home/ehc/.npm correctMkdir not in flight; initializing
10 verbose tar pack [ '/home/ehc/.npm/time-availability-js/1.0.0/package.tgz',
10 verbose tar pack   '/home/ehc/Workspace/time-availability-js' ]
11 verbose tarball /home/ehc/.npm/time-availability-js/1.0.0/package.tgz
12 verbose folder /home/ehc/Workspace/time-availability-js
13 info prepublish time-availability-js@1.0.0
14 verbose addLocalTarball adding from inside cache /home/ehc/.npm/time-availability-js/1.0.0/package.tgz
15 verbose correctMkdir /home/ehc/.npm correctMkdir not in flight; initializing
16 silly cache afterAdd time-availability-js@1.0.0
17 verbose afterAdd /home/ehc/.npm/time-availability-js/1.0.0/package/package.json not in flight; writing
18 verbose correctMkdir /home/ehc/.npm correctMkdir not in flight; initializing
19 verbose afterAdd /home/ehc/.npm/time-availability-js/1.0.0/package/package.json written
20 silly publish { name: 'time-availability-js',
20 silly publish   version: '1.0.0',
20 silly publish   description: '---',
20 silly publish   main: '---',
20 silly publish   scripts: { test: 'echo "Error: no test specified" && exit 1' },
20 silly publish   repository:
20 silly publish    { type: 'git',
20 silly publish      url: 'git+ssh://git@github.com/rdurgarao/time-availability-js.git' },
20 silly publish   keywords: [ 'jquery', 'jquery-plugin' ],
20 silly publish   author: { name: 'rdurgarao' },
20 silly publish   license: 'MIT',
20 silly publish   readme: '# Time Availability\n---\n\n## Description\n---\nIt offers to generate the time availability drop-downs based on selected values and It can be initialized in multiple ways. \n',
20 silly publish   readmeFilename: 'README.md',
20 silly publish   gitHead: '94d08711ccd9f20aacc640ada788e8491754454a',
20 silly publish   bugs: { url: 'https://github.com/rdurgarao/time-availability-js/issues' },
20 silly publish   homepage: 'https://github.com/rdurgarao/time-availability-js#readme',
20 silly publish   _id: 'time-availability-js@1.0.0',
20 silly publish   _shasum: '0cc556812c85d0661dd1611609caac76edaf8a93',
20 silly publish   _from: '.' }
21 verbose getPublishConfig undefined
22 silly mapToRegistry name time-availability-js
23 silly mapToRegistry using default registry
24 silly mapToRegistry registry https://registry.npmjs.org/
25 silly mapToRegistry data { raw: 'time-availability-js',
25 silly mapToRegistry   scope: null,
25 silly mapToRegistry   name: 'time-availability-js',
25 silly mapToRegistry   rawSpec: '',
25 silly mapToRegistry   spec: 'latest',
25 silly mapToRegistry   type: 'tag' }
26 silly mapToRegistry uri https://registry.npmjs.org/time-availability-js
27 verbose publish registryBase https://registry.npmjs.org/
28 silly publish uploading /home/ehc/.npm/time-availability-js/1.0.0/package.tgz
29 verbose request uri https://registry.npmjs.org/time-availability-js
30 verbose request sending authorization for write operation
31 info attempt registry request try #1 at 2:02:12 PM
32 verbose request using bearer token for auth
33 verbose request id b30e3793e0371484
34 http request PUT https://registry.npmjs.org/time-availability-js
35 http 403 https://registry.npmjs.org/time-availability-js
36 verbose headers { 'content-type': 'application/json',
36 verbose headers   'cache-control': 'max-age=300',
36 verbose headers   'content-length': '95',
36 verbose headers   'accept-ranges': 'bytes',
36 verbose headers   date: 'Mon, 15 Aug 2016 08:32:20 GMT',
36 verbose headers   via: '1.1 varnish',
36 verbose headers   connection: 'keep-alive',
36 verbose headers   'x-served-by': 'cache-sin6927-SIN',
36 verbose headers   'x-cache': 'MISS',
36 verbose headers   'x-cache-hits': '0',
36 verbose headers   'x-timer': 'S1471249938.997758,VS0,VE1310',
36 verbose headers   vary: 'Accept-Encoding' }
37 verbose request invalidating /home/ehc/.npm/registry.npmjs.org/time-availability-js on PUT
38 error publish Failed PUT 403
39 verbose stack Error: "You cannot publish over the previously published version 1.0.0." : time-availability-js
39 verbose stack     at makeError (/home/ehc/.nvm/versions/node/v0.12.13/lib/node_modules/npm/node_modules/npm-registry-client/lib/request.js:264:12)
39 verbose stack     at CachingRegistryClient.<anonymous> (/home/ehc/.nvm/versions/node/v0.12.13/lib/node_modules/npm/node_modules/npm-registry-client/lib/request.js:252:14)
39 verbose stack     at Request._callback (/home/ehc/.nvm/versions/node/v0.12.13/lib/node_modules/npm/node_modules/npm-registry-client/lib/request.js:172:14)
39 verbose stack     at Request.self.callback (/home/ehc/.nvm/versions/node/v0.12.13/lib/node_modules/npm/node_modules/request/request.js:199:22)
39 verbose stack     at Request.emit (events.js:110:17)
39 verbose stack     at Request.<anonymous> (/home/ehc/.nvm/versions/node/v0.12.13/lib/node_modules/npm/node_modules/request/request.js:1036:10)
39 verbose stack     at Request.emit (events.js:129:20)
39 verbose stack     at IncomingMessage.<anonymous> (/home/ehc/.nvm/versions/node/v0.12.13/lib/node_modules/npm/node_modules/request/request.js:963:12)
39 verbose stack     at IncomingMessage.emit (events.js:129:20)
39 verbose stack     at _stream_readable.js:908:16
40 verbose statusCode 403
41 verbose pkgid time-availability-js
42 verbose cwd /home/ehc/Workspace/time-availability-js
43 error Linux 4.4.0-34-generic
44 error argv "/home/ehc/.nvm/versions/node/v0.12.13/bin/node" "/home/ehc/.nvm/versions/node/v0.12.13/bin/npm" "publish"
45 error node v0.12.13
46 error npm  v2.15.0
47 error code E403
48 error "You cannot publish over the previously published version 1.0.0." : time-availability-js
49 error If you need help, you may report this error at:
49 error     <https://github.com/npm/npm/issues>
50 verbose exit [ 1, true ]
